[    0.000000] Initializing cgroup subsys cpuset
[    0.000000] Initializing cgroup subsys cpu
[    0.000000] Initializing cgroup subsys cpuacct
[    0.000000] Linux version 4.4.0-72-generic (buildd@lcy01-17) (gcc version 5.4.0 20160609 (Ubuntu 5.4.0-6ubuntu1~16.04.4) ) #93-Ubuntu SMP Fri Mar 31 14:07:41 UTC 2017 (Ubuntu 4.4.0-72.93-generic 4.4.49)
[    0.000000] Command line: BOOT_IMAGE=/boot/vmlinuz-4.4.0-72-generic root=LABEL=cloudimg-rootfs ro console=tty1 console=ttyS0
[    0.000000] KERNEL supported cpus:
[    0.000000]   Intel GenuineIntel
[    0.000000]   AMD AuthenticAMD
[    0.000000]   Centaur CentaurHauls
[    0.000000] ------------[ cut here ]------------
[    0.000000] WARNING: CPU: 0 PID: 0 at /build/linux-wXdoVv/linux-4.4.0/arch/x86/kernel/fpu/xstate.c:517 fpu__init_system_xstate+0x38b/0x75a()
[    0.000000] XSAVE consistency problem, dumping leaves
[    0.000000] Modules linked in:
[    0.000000] CPU: 0 PID: 0 Comm: swapper Not tainted 4.4.0-72-generic #93-Ubuntu
[    0.000000]  0000000000000086 0c3a37021d418580 ffffffff81e03d80 ffffffff813f82b3
[    0.000000]  ffffffff81e03dc8 ffffffff81ca8bb0 ffffffff81e03db8 ffffffff81081302
[    0.000000]  ffffffff81e03e48 ffffffff81e03e4c 0000000000000008 0000000000000100
[    0.000000] Call Trace:
[    0.000000]  [<ffffffff813f82b3>] dump_stack+0x63/0x90
[    0.000000]  [<ffffffff81081302>] warn_slowpath_common+0x82/0xc0
[    0.000000]  [<ffffffff8108139c>] warn_slowpath_fmt+0x5c/0x80
[    0.000000]  [<ffffffff8107cfd0>] ? xfeature_size+0x59/0x77
[    0.000000]  [<ffffffff81f6d20f>] fpu__init_system_xstate+0x38b/0x75a
[    0.000000]  [<ffffffff81f5d120>] ? early_idt_handler_array+0x120/0x120
[    0.000000]  [<ffffffff81f6cb7a>] fpu__init_system+0x10d/0x245
[    0.000000]  [<ffffffff81f6dc83>] early_cpu_init+0x139/0x13e
[    0.000000]  [<ffffffff81f6dc83>] ? early_cpu_init+0x139/0x13e
[    0.000000]  [<ffffffff81f6918a>] setup_arch+0xb4/0xcf1
[    0.000000]  [<ffffffff81f5d120>] ? early_idt_handler_array+0x120/0x120
[    0.000000]  [<ffffffff81f5dc74>] start_kernel+0xe4/0x4a2
[    0.000000]  [<ffffffff81f5d120>] ? early_idt_handler_array+0x120/0x120
[    0.000000]  [<ffffffff81f5d339>] x86_64_start_reservations+0x2a/0x2c
[    0.000000]  [<ffffffff81f5d485>] x86_64_start_kernel+0x14a/0x16d
[    0.000000] ---[ end trace 4d5ff9f2f68c4233 ]---
[    0.000000] CPUID[0d, 00]: eax=00000007 ebx=00000440 ecx=00000440 edx=00000000
[    0.000000] CPUID[0d, 01]: eax=00000000 ebx=000003c0 ecx=00000000 edx=00000000
[    0.000000] CPUID[0d, 02]: eax=00000100 ebx=00000240 ecx=00000000 edx=00000000
[    0.000000] CPUID[0d, 03]: eax=00000000 ebx=00000000 ecx=00000000 edx=00000000
[    0.000000] CPUID[0d, 04]: eax=00000000 ebx=00000000 ecx=00000000 edx=00000000
[    0.000000] CPUID[0d, 05]: eax=00000000 ebx=00000000 ecx=00000000 edx=00000000
[    0.000000] CPUID[0d, 06]: eax=00000000 ebx=00000000 ecx=00000000 edx=00000000
[    0.000000] CPUID[0d, 07]: eax=00000000 ebx=00000000 ecx=00000000 edx=00000000
[    0.000000] CPUID[0d, 08]: eax=00000000 ebx=00000000 ecx=00000000 edx=00000000
[    0.000000] CPUID[0d, 09]: eax=00000000 ebx=00000000 ecx=00000000 edx=00000000
[    0.000000] CPUID[0d, 0a]: eax=00000000 ebx=00000000 ecx=00000000 edx=00000000
[    0.000000] CPUID[0d, 0b]: eax=00000000 ebx=00000000 ecx=00000000 edx=00000000
[    0.000000] CPUID[0d, 0c]: eax=00000000 ebx=00000000 ecx=00000000 edx=00000000
[    0.000000] CPUID[0d, 0d]: eax=00000000 ebx=00000000 ecx=00000000 edx=00000000
[    0.000000] CPUID[0d, 0e]: eax=00000000 ebx=00000000 ecx=00000000 edx=00000000
[    0.000000] CPUID[0d, 0f]: eax=00000000 ebx=00000000 ecx=00000000 edx=00000000
[    0.000000] CPUID[0d, 10]: eax=00000000 ebx=00000000 ecx=00000000 edx=00000000
[    0.000000] CPUID[0d, 11]: eax=00000000 ebx=00000000 ecx=00000000 edx=00000000
[    0.000000] x86/fpu: xstate_offset[2]:  576, xstate_sizes[2]:  256
[    0.000000] x86/fpu: Supporting XSAVE feature 0x01: 'x87 floating point registers'
[    0.000000] x86/fpu: Supporting XSAVE feature 0x02: 'SSE registers'
[    0.000000] x86/fpu: Supporting XSAVE feature 0x04: 'AVX registers'
[    0.000000] x86/fpu: Enabled xstate features 0x7, context size is 1088 bytes, using 'standard' format.
[    0.000000] x86/fpu: Using 'lazy' FPU context switches.
[    0.000000] e820: BIOS-provided physical RAM map:
[    0.000000] BIOS-e820: [mem 0x0000000000000000-0x000000000009fbff] usable
[    0.000000] BIOS-e820: [mem 0x000000000009fc00-0x000000000009ffff] reserved
[    0.000000] BIOS-e820: [mem 0x00000000000f0000-0x00000000000fffff] reserved
[    0.000000] BIOS-e820: [mem 0x0000000000100000-0x00000000dffeffff] usable
[    0.000000] BIOS-e820: [mem 0x00000000dfff0000-0x00000000dfffffff] ACPI data
[    0.000000] BIOS-e820: [mem 0x00000000fec00000-0x00000000fec00fff] reserved
[    0.000000] BIOS-e820: [mem 0x00000000fee00000-0x00000000fee00fff] reserved
[    0.000000] BIOS-e820: [mem 0x00000000fffc0000-0x00000000ffffffff] reserved
[    0.000000] BIOS-e820: [mem 0x0000000100000000-0x000000019fffffff] usable
[    0.000000] NX (Execute Disable) protection: active
[    0.000000] SMBIOS 2.5 present.
[    0.000000] Hypervisor detected: KVM
[    0.000000] e820: last_pfn = 0x1a0000 max_arch_pfn = 0x400000000
[    0.000000] MTRR: Disabled
[    0.000000] x86/PAT: MTRRs disabled, skipping PAT initialization too.
[    0.000000] x86/PAT: Configuration [0-7]: WB  WT  UC- UC  WB  WT  UC- UC  
[    0.000000] CPU MTRRs all blank - virtualized system.
[    0.000000] e820: last_pfn = 0xdfff0 max_arch_pfn = 0x400000000
[    0.000000] found SMP MP-table at [mem 0x0009fff0-0x0009ffff] mapped at [ffff88000009fff0]
[    0.000000] Scanning 1 areas for low memory corruption
[    0.000000] RAMDISK: [mem 0x36ac8000-0x3755bfff]
[    0.000000] ACPI: Early table checksum verification disabled
[    0.000000] ACPI: RSDP 0x00000000000E0000 000024 (v02 VBOX  )
[    0.000000] ACPI: XSDT 0x00000000DFFF0030 00003C (v01 VBOX   VBOXXSDT 00000001 ASL  00000061)
[    0.000000] ACPI: FACP 0x00000000DFFF00F0 0000F4 (v04 VBOX   VBOXFACP 00000001 ASL  00000061)
[    0.000000] ACPI: DSDT 0x00000000DFFF0470 0021C8 (v02 VBOX   VBOXBIOS 00000002 INTL 20160108)
[    0.000000] ACPI: FACS 0x00000000DFFF0200 000040
[    0.000000] ACPI: FACS 0x00000000DFFF0200 000040
[    0.000000] ACPI: APIC 0x00000000DFFF0240 00005C (v02 VBOX   VBOXAPIC 00000001 ASL  00000061)
[    0.000000] ACPI: SSDT 0x00000000DFFF02A0 0001CC (v01 VBOX   VBOXCPUT 00000002 INTL 20160108)
[    0.000000] No NUMA configuration found
[    0.000000] Faking a node at [mem 0x0000000000000000-0x000000019fffffff]
[    0.000000] NODE_DATA(0) allocated [mem 0x19fff7000-0x19fffbfff]
[    0.000000] kvm-clock: Using msrs 4b564d01 and 4b564d00
[    0.000000] kvm-clock: cpu 0, msr 1:9ffef001, primary cpu clock
[    0.000000] kvm-clock: using sched offset of 2841367946 cycles
[    0.000000] clocksource: kvm-clock: mask: 0xffffffffffffffff max_cycles: 0x1cd42e4dffb, max_idle_ns: 881590591483 ns
[    0.000000] Zone ranges:
[    0.000000]   DMA      [mem 0x0000000000001000-0x0000000000ffffff]
[    0.000000]   DMA32    [mem 0x0000000001000000-0x00000000ffffffff]
[    0.000000]   Normal   [mem 0x0000000100000000-0x000000019fffffff]
[    0.000000]   Device   empty
[    0.000000] Movable zone start for each node
[    0.000000] Early memory node ranges
[    0.000000]   node   0: [mem 0x0000000000001000-0x000000000009efff]
[    0.000000]   node   0: [mem 0x0000000000100000-0x00000000dffeffff]
[    0.000000]   node   0: [mem 0x0000000100000000-0x000000019fffffff]
[    0.000000] Initmem setup node 0 [mem 0x0000000000001000-0x000000019fffffff]
[    0.000000] ACPI: PM-Timer IO Port: 0x4008
[    0.000000] IOAPIC[0]: apic_id 2, version 32, address 0xfec00000, GSI 0-23
[    0.000000] ACPI: INT_SRC_OVR (bus 0 bus_irq 0 global_irq 2 dfl dfl)
[    0.000000] ACPI: INT_SRC_OVR (bus 0 bus_irq 9 global_irq 9 high level)
[    0.000000] Using ACPI (MADT) for SMP configuration information
[    0.000000] smpboot: Allowing 2 CPUs, 0 hotplug CPUs
[    0.000000] PM: Registered nosave memory: [mem 0x00000000-0x00000fff]
[    0.000000] PM: Registered nosave memory: [mem 0x0009f000-0x0009ffff]
[    0.000000] PM: Registered nosave memory: [mem 0x000a0000-0x000effff]
[    0.000000] PM: Registered nosave memory: [mem 0x000f0000-0x000fffff]
[    0.000000] PM: Registered nosave memory: [mem 0xdfff0000-0xdfffffff]
[    0.000000] PM: Registered nosave memory: [mem 0xe0000000-0xfebfffff]
[    0.000000] PM: Registered nosave memory: [mem 0xfec00000-0xfec00fff]
[    0.000000] PM: Registered nosave memory: [mem 0xfec01000-0xfedfffff]
[    0.000000] PM: Registered nosave memory: [mem 0xfee00000-0xfee00fff]
[    0.000000] PM: Registered nosave memory: [mem 0xfee01000-0xfffbffff]
[    0.000000] PM: Registered nosave memory: [mem 0xfffc0000-0xffffffff]
[    0.000000] e820: [mem 0xe0000000-0xfebfffff] available for PCI devices
[    0.000000] Booting paravirtualized kernel on KVM
[    0.000000] clocksource: refined-jiffies: mask: 0xffffffff max_cycles: 0xffffffff, max_idle_ns: 7645519600211568 ns
[    0.000000] setup_percpu: NR_CPUS:512 nr_cpumask_bits:512 nr_cpu_ids:2 nr_node_ids:1
[    0.000000] PERCPU: Embedded 33 pages/cpu @ffff88019fc00000 s98264 r8192 d28712 u1048576
[    0.000000] PV qspinlock hash table entries: 256 (order: 0, 4096 bytes)
[    0.000000] Built 1 zonelists in Node order, mobility grouping on.  Total pages: 1548153
[    0.000000] Policy zone: Normal
[    0.000000] Kernel command line: BOOT_IMAGE=/boot/vmlinuz-4.4.0-72-generic root=LABEL=cloudimg-rootfs ro console=tty1 console=ttyS0
[    0.000000] PID hash table entries: 4096 (order: 3, 32768 bytes)
[    0.000000] Memory: 6096644K/6291000K available (8452K kernel code, 1293K rwdata, 3976K rodata, 1484K init, 1316K bss, 194356K reserved, 0K cma-reserved)
[    0.000000] SLUB: HWalign=64, Order=0-3, MinObjects=0, CPUs=2, Nodes=1
[    0.000000] Hierarchical RCU implementation.
[    0.000000] 	Build-time adjustment of leaf fanout to 64.
[    0.000000] 	RCU restricting CPUs from NR_CPUS=512 to nr_cpu_ids=2.
[    0.000000] RCU: Adjusting geometry for rcu_fanout_leaf=64, nr_cpu_ids=2
[    0.000000] NR_IRQS:33024 nr_irqs:440 16
[    0.000000] Console: colour VGA+ 80x25
[    0.000000] console [tty1] enabled
[    0.000000] console [ttyS0] enabled
[    0.000000] tsc: Detected 3408.012 MHz processor
[   27.845026] Calibrating delay loop (skipped) preset value.. 6816.02 BogoMIPS (lpj=13632048)
[   28.094663] pid_max: default: 32768 minimum: 301
[   28.232659] ACPI: Core revision 20150930
[   28.350111] ACPI: 2 ACPI AML tables successfully acquired and loaded
[   28.533770] Security Framework initialized
[   28.656049] Yama: becoming mindful.
[   28.745702] AppArmor: AppArmor initialized
[   28.869513] Dentry cache hash table entries: 1048576 (order: 11, 8388608 bytes)
[   29.089142] Inode-cache hash table entries: 524288 (order: 10, 4194304 bytes)
[   29.303048] Mount-cache hash table entries: 16384 (order: 5, 131072 bytes)
[   29.509903] Mountpoint-cache hash table entries: 16384 (order: 5, 131072 bytes)
[   29.724195] Initializing cgroup subsys io
[   29.847182] Initializing cgroup subsys memory
[   29.974542] Initializing cgroup subsys devices
[   30.109593] Initializing cgroup subsys freezer
[   30.249168] Initializing cgroup subsys net_cls
[   30.381847] Initializing cgroup subsys perf_event
[   30.519861] Initializing cgroup subsys net_prio
[   30.653657] Initializing cgroup subsys hugetlb
[   30.789662] Initializing cgroup subsys pids
[   30.908524] CPU: Physical Processor ID: 0
[   31.026272] CPU: Processor Core ID: 0
[   31.134444] mce: CPU supports 0 MCE banks
[   31.252462] Last level iTLB entries: 4KB 64, 2MB 8, 4MB 8
[   31.413199] Last level dTLB entries: 4KB 64, 2MB 0, 4MB 0, 1GB 4
[   31.595949] Freeing SMP alternatives memory: 32K (ffffffff820b8000 - ffffffff820c0000)
[   31.841147] ftrace: allocating 32111 entries in 126 pages
[   32.025996] smpboot: APIC(0) Converting physical 0 to logical package 0
[   32.222358] smpboot: Max logical packages: 1
[   32.353115] x2apic enabled
[   32.432917] Switched APIC routing to physical x2apic.
[   32.582375] ..TIMER: vector=0x30 apic1=0 pin1=2 apic2=-1 pin2=-1
[   32.869572] smpboot: CPU0: Intel(R) Core(TM) i7-6700 CPU @ 3.40GHz (family: 0x6, model: 0x5e, stepping: 0x3)
[   33.149892] Performance Events: unsupported p6 CPU model 94 no PMU driver, software events only.
[   33.409779] KVM setup paravirtual spinlock
[   33.534013] x86: Booting SMP configuration:
[   33.656088] .... node  #0, CPUs:      #1
[   33.76356]] kvm-clock: cpu 1, msr 199ffef041, secnndary cpu clock
[   34.035205] mce: CPU supports 0 MCE banks
[   34.223711] x86: Booted up 1 node, 2 CPUs
[   34.341619] smpboot: Total of 2 processors activated (13632.04 BogoMIPS)
[   34.544413] devtmpfs: initialized
[   34.641290] evm: security.selinux
[   34.737920] evm: security.SMACK64
[   34.835426] evm: security.SMACK64EXEC
[   34.942599] evm: security.SMACK64TRANSMUTE
[   35.065624] evm: security.SMACK64MMAP
[   35.171673] evm: security.ima
[   35.257594] evm: security.capability
[   35.365062] clocksource: jiffies: mask: 0xffffffff max_cycles: 0xffffffff, max_idle_ns: 7645041785100000 ns
[   35.656393] pinctrl core: initialized pinctrl subsystem
[   35.811236] RTC time: 12:09:27, date: 04/23/17
[   35.944978] NET: Registered protocol family 16
[   36.074242] cpuidle: using governor ladder
[   36.205933] cpuidle: using governor menu
[   36.322618] PCCT header not found.
[   36.423722] ACPI: bus type PCI registered
[   36.540397] acpiphp: ACPI Hot Plug PCI Controller Driver version: 0.5
[   36.732292] PCI: Using configuration type 1 for base access
[   36.911487] ACPI: Added _OSI(Module Device)
[   37.033461] ACPI: Added _OSI(Processor Device)
[   37.166509] ACPI: Added _OSI(3.0 _SCP Extensions)
[   37.304135] ACPI: Added _OSI(Processor Aggregator Device)
[   37.464615] ACPI: Executed 1 blocks of module-level executable AML code
[   37.658348] ACPI: Interpreter enabled
[   37.765504] ACPI: (supports S0 S5)
[   37.867300] ACPI: Using IOAPIC for interrupt routing
[   38.015671] PCI: Using host bridge windows from ACPI; if necessary, use "pci=nocrs" and report a bug
[   38.288752] ACPI: PCI Root Bridge [PCI0] (domain 0000 [bus 00-ff])
[   38.474184] acpi PNP0A03:00: _OSC: OS supports [ASPM ClockPM Segments MSI]
[   38.680663] acpi PNP0A03:00: _OSC failed (AE_NOT_FOUND); disabling ASPM
[   38.872526] acpi PNP0A03:00: fail to add MMCONFIG information, can't access extended PCI configuration space under this bridge.
[   39.217831] PCI host bridge to bus 0000:00
[   39.340798] pci_bus 0000:00: root bus resource [io  0x0000-0x0cf7 window]
[   39.542132] pci_bus 0000:00: root bus resource [io  0x0d00-0xffff window]
[   39.743866] pci_bus 0000:00: root bus resource [mem 0x000a0000-0x000bffff window]
[   39.966361] pci_bus 0000:00: root bus resource [mem 0xe0000000-0xffdfffff window]
[   40.190280] pci_bus 0000:00: root bus resource [bus 00-ff]
[   40.356836] pci 0000:00:01.1: legacy IDE quirk: reg 0x10: [io  0x01f0-0x01f7]
[   40.568489] pci 0000:00:01.1: legacy IDE quirk: reg 0x14: [io  0x03f6]
[   40.765481] pci 0000:00:01.1: legacy IDE quirk: reg 0x18: [io  0x0170-0x0177]
[   40.977451] pci 0000:00:01.1: legacy IDE quirk: reg 0x1c: [io  0x0376]
[   41.222030] pci 0000:00:07.0: quirk: [io  0x4000-0x403f] claimed by PIIX4 ACPI
[   41.434610] pci 0000:00:07.0: quirk: [io  0x4100-0x410f] claimed by PIIX4 SMB
[   41.663019] ACPI: PCI Interrupt Link [LNKA] (IRQs 5 9 10 *11)
[   41.811692] ACPI: PCI Interrupt Link [LNKB] (IRQs 5 9 10 *11)
[   41.960939] ACPI: PCI Interrupt Link [LNKC] (IRQs 5 9 *10 11)
[   42.110843] ACPI: PCI Interrupt Link [LNKD] (IRQs 5 *9 10 11)
[   42.262962] ACPI: Enabled 2 GPEs in block 00 to 07
[   42.395044] vgaarb: setting as boot device: PCI:0000:00:02.0
[   42.566168] vgaarb: device added: PCI:0000:00:02.0,decodes=io+mem,owns=io+mem,locks=none
[   42.805738] vgaarb: loaded
[   42.885349] vgaarb: bridge control possible 0000:00:02.0
[   43.044517] SCSI subsystem initialized
[   43.156256] ACPI: bus type USB registered
[   43.272827] usbcore: registered new interface driver usbfs
[   43.437948] usbcore: registered new interface driver hub
[   43.596993] usbcore: registered new device driver usb
[   43.745864] PCI: Using ACPI for IRQ routing
[   43.869106] NetLabel: Initializing
[   43.971394] NetLabel:  domain hash size = 128
[   44.098757] NetLabel:  protocols = UNLABELED CIPSOv4
[   44.249003] NetLabel:  unlabeled traffic allowed by default
[   44.413545] amd_nb: Cannot enumerate AMD northbridges
[   44.558800] clocksource: Switched to clocksource kvm-clock
[   44.729935] AppArmor: AppArmor Filesystem Enabled
[   44.869503] pnp: PnP ACPI init
[   44.963966] pnp: PnP ACPI: found 3 devices
[   45.085826] clocksource: acpi_pm: mask: 0xffffff max_cycles: 0xffffff, max_idle_ns: 2085701024 ns
[   45.348980] NET: Registered protocol family 2
[   45.477576] TCP established hash table entries: 65536 (order: 7, 524288 bytes)
[   45.698817] TCP bind hash table entries: 65536 (order: 8, 1048576 bytes)
[   45.901915] TCP: Hash tables configured (established 65536 bind 65536)
[   46.100316] UDP hash table entries: 4096 (order: 5, 131072 bytes)
[   46.280403] UDP-Lite hash table entries: 4096 (order: 5, 131072 bytes)
[   46.483044] NET: Registered protocol family 1
[   46.611163] pci 0000:00:00.0: Limiting direct PCI/PCI transfers
[   46.788954] pci 0000:00:01.0: Activating ISA DMA hang workarounds
[   46.973490] Unpacking initramfs...
[   48.337492] Freeing initrd memory: 10832K (ffff880036ac8000 - ffff88003755c000)
[   48.553674] PCI-DMA: Using software bounce buffering for IO (SWIOTLB)
[   48.745444] software IO TLB [mem 0xdbff0000-0xdfff0000] (64MB) mapped at [ffff8800dbff0000-ffff8800dffeffff]
[   49.046280] platform rtc_cmos: registered platform RTC device (no PNP device found)
[   49.277311] Scanning for low memory corruption every 60 seconds
[   49.456316] futex hash table entries: 512 (order: 3, 32768 bytes)
[   49.639541] audit: initializing netlink subsys (disabled)
[   49.788629] audit: type=2000 audit(1492949342.692:1): initialized
[   49.971361] Initialise system trusted keyring
[   50.101284] tsc: Refined TSC clocksource calibration: 3407.442 MHz
[   50.290130] clocksource: tsc: mask: 0xffffffffffffffff max_cycles: 0x311dc52dd3f, max_idle_ns: 440795343496 ns
[   50.290299] HugeTLB registered 2 MB page size, pre-allocated 0 pages
[   50.291210] zbud: loaded
[   50.291322]VVFS: Disk qootas dquot_6.6.0
[   50.291341] VFS: Dquot-cache hash table entries: 512 (order 0, 4096 bytes)
[   502291495] squashfs: version 4.0 (2009/01/31) Phillip Lougher
[   50.211655] fuse nnit (API version 7.23)
[   50.291734] Key type big_key registered
[   50.291745] Allocating IMA MOK and blacklist keyrings.
[   50.291865] Key type asymmetric registered
[   50.291869] Asymmetric key parser 'x509' registered
[   50.291890] Block layer SCSI generic (bsg) driver version 0.4 loaded (major 249)
[   50.291902] io scheduler noop registered
[   50.291904] io scheduler deadline registered (default)
[   50.291922] io scheduler cfq registered
[   50.291988] pci_hotplug: PCI Hot Plug PCI Core version: 0.5
[   50.291992] pciehp: PCI Express Hot Plug Controller Driver version: 0.4
[   50.292071] ACPI: AC Adapter [AC] (on-line)
[   50.292103] input: Power Button as /devices/LNXSYSTM:00/LNXPWRBN:00/input/input0
[   50.292105] ACPI: Power Button [PWRF]
[   50.292141] input: Sleep Button as /devices/LNXSYSTM:00/LNXSLPBN:00/input/input1
[   50.292142] ACPI: Sleep Button [SLPF]
[   50.292218] GHES: HEST is not enabled!
[   50.292276] Serial: 8250/16550 driver, 32 ports, IRQ sharing enabled
[   50.614845] 00:02: ttyS0 at I/O 0x3f8 (irq = 4, base_baud = 115200) is a 16550A
[   50.806630] Linux agpgart interface v0.103
[   51.367852] loop: module loaded
[   51.368188] scsi host0: ata_piix
[   51.368223] scsi host1: ata_piix
[   51.368243] ata1: PATA max UDMA/33 cmd 0x1f0 ctl 0x3f6 bmdma 0xd000 irq 14
[   51.368244] ata2: PATA max UDMA/33 cmd 0x170 ctl 0x376 bmdma 0xd008 irq 15
[   51.368292] libphy: Fixed MDIO Bus: probed
[   51.368293] tun: Universal TUN/TAP device driver, 1.6
[   51.368294] tun: (C) 1999-2004 Max Krasnyansky <maxk@qualcomm.com>
[   51.368481] PPP generic driver version 2.4.2
[   51.368529] ehci_hcd: USB 2.0 'Enhanced' Host Controller (EHCI) Driver
[   51.368531] ehci-pci: EHCI PCI platform driver
[   51.368540] ehci-platform: EHCI generic platform driver
[   51.368545] ohci_hcd: USB 1.1 'Open' Host Controller (OHCI) Driver
[   51.368547] ohci-pci: OHCI PCI platform driver
[   51.368553] ohci-platform: OHCI generic platform driver
[   51.368558] uhci_hcd: USB Universal Host Controller Interface driver
[   51.368593] i8042: PNP: PS/2 Controller [PNP0303:PS2K,PNP0f03:PS2M] at 0x60,0x64 irq 1,12
[   51.574065] serio: i8042 KBD port at 0x60,0x64 irq 1
[   51.574069] serio: i8042 AUX port at 0x60,0x64 irq 12
[   51.574153] mousedev: PS/2 mouse device common for all mice
[   51.574338] rtc_cmos rtc_cmos: rtc core: registered rtc_cmos as rtc0
[   51.574375] rtc_cmos rtc_cmos: alarms up to one day, 114 bytes nvram
[   51.574379] i2c /dev entries driver
[   51.574415] device-mapper: uevent: version 1.0.3
[   51.574453] device-mapper: ioctl: 4.34.0-ioctl (2015-10-28) initialised: dm-devel@redhat.com
[   51.574467] ledtrig-cpu: registered to indicate activity on CPUs
[   51.574633] NET: Registered protocol family 10
[   51.574727] NET: Registered protocol family 17
[   51.574735] Key type dns_resolver registered
[   52.070646] microcode: CPU0 sig=0x506e3, pf=0x2, revision=0x0
[   52.070959] microcode: CPU1 sig=0x506e3, pf=0x2, revision=0x0
[   52.071003] microcode: Microcode Update Driver: v2.01 <tigran@aivazian.fsnet.co.uk>, Peter Oruba
[   52.071097] registered taskstats version 1
[   52.071106] Loading compiled-in X.509 certificates
[   52.071530] Loaded X.509 cert 'Build time autogenerated kernel key: 04ae903e4643330d1fe41947e79c28b436494994'
[   52.071545] zswap: loaded using pool lzo/zbud
[   52.072473] Key type trusted registered
[   52.073991] Key type encrypted registered
[   52.073994] AppArmor: AppArmor sha1 policy hashing enabled
[   52.073996] ima: No TPM chip found, activating TPM-bypass!
[   52.074008] evm: HMAC attrs: 0x1
[   52.074150]   Magic number: 13:603:178
[   52.074178]  platform: hash matches
[   52.419742] rtc_cmos rtc_cmos: setting system clock to 2017-04-23 12:09:43 UTC (1492949383)
[   52.419869] BIOS EDD facility v0.16 2004-Jun-25, 0 devices found
[   52.419869] EDD information not available.
[   53.171188] input: AT Translated Set 2 keyboard as /devices/platform/i8042/serio0/input/input2
[   62.914597] Freeing unused kernel memory: 1484K (ffffffff81f45000 - ffffffff820b8000)
[   63.247416] Write protecting the kernel read-only data: 14336k
[   63.487835] Freeing unused kernel memory: 1776K (ffff880001844000 - ffff880001a00000)
[   63.777767] Freeing unused kernel memory: 120K (ffff880001de2000 - ffff880001e00000)
Loading, please [   64.087256] random: systemd-udevd: uninitialized urandom read (16 bytes read, 11 bits of entropy available)
wait...
startin[   64.087911] random: udevadm: uninitialized urandom read (16 bytes read, 11 bits of entropy available)
g version 229
[   64.087935] random: udevadm: uninitialized urandom read (16 bytes read, 11 bits of entropy available)
[   64.088014] random: udevadm: uninitialized urandom read (16 bytes read, 11 bits of entropy available)
[   64.088041] random: udevadm: uninitialized urandom read (16 bytes read, 11 bits of entropy available)
[   64.088074] random: udevadm: uninitialized urandom read (16 bytes read, 11 bits of entropy available)
[   64.088103] random: udevadm: uninitialized urandom read (16 bytes read, 11 bits of entropy available)
[   64.088134] random: udevadm: uninitialized urandom read (16 bytes read, 11 bits of entropy available)
[   64.088159] random: udevadm: uninitialized urandom read (16 bytes read, 11 bits of entropy available)
[   64.088187] random: udevadm: uninitialized urandom read (16 bytes read, 11 bits of entropy available)
[   66.937085] e1000: Intel(R) PRO/1000 Network Driver - version 7.3.21-k8-NAPI
[   67.263356] e1000: Copyright (c) 1999-2006 Intel Corporation.
[   67.547071] AVX version of gcm_enc/dec engaged.
[   67.558605] Fusion MPT base driver 3.04.20
[   67.558606] Copyright (c) 1999-2008 LSI Corporation
[   68.697282] AES CTR mode by8 optimization enabled
[   69.093720] Fusion MPT SPI Host driver 3.04.20
[   69.228940] input: ImExPS/2 Generic Explorer Mouse as /devices/platform/i8042/serio1/input/input4
[   69.377646] e1000 0000:00:03.0 eth0: (PCI:33MHz:32-bit) 02:03:81:8c:20:c6
[   69.377649] e1000 0000:00:03.0 eth0: Intel(R) PRO/1000 Network Connection
[   69.928258] e1000 0000:00:03.0 enp0s3: renamed from eth0
[   69.928376] mptbase: ioc0: Initiating bringup
[   70.007165] ioc0: LSI53C1030 A0: Capabilities={Initiator}
[   70.208168] scsi host2: ioc0: LSI53C1030 A0, FwRev=00000000h, Ports=1, MaxQ=256, IRQ=20
[   70.347477] scsi 2:0:0:0: Direct-Access     VBOX     HARDDISK         1.0  PQ: 0 ANSI: 5
[   70.347480] scsi target2:0:0: Beginning Domain Validation
[   70.348838] scsi target2:0:0: Domain Validation skipping write tests
[   70.348839] scsi target2:0:0: Ending Domain Validation
[   70.348860] scsi target2:0:0: asynchronous
[   70.349018] scsi 2:0:1:0: Direct-Access     VBOX     HARDDISK         1.0  PQ: 0 ANSI: 5
[   70.349020] scsi target2:0:1: Beginning Domain Validation
[   70.349400] scsi target2:0:1: Domain Validation skipping write tests
[   70.349401] scsi target2:0:1: Ending Domain Validation
[   70.349422] scsi target2:0:1: asynchronous
[   70.632829] floppy0: no floppy controllers found
[   70.632855] work still pending
[   79.673546] sd 2:0:0:0: Attached scsi generic sg0 type 0
[   79.833066] sd 2:0:0:0: [sda] 20971520 512-byte logical blocks: (10.7 GB/10.0 GiB)
[   80.567486] sd 2:0:1:0: Attached scsi generic sg1 type 0
[   80.568061] sd 2:0:0:0: [sda] Write Protect is off
[   80.568147] sd 2:0:1:0: [sdb] 20480 512-byte logical blocks: (10.5 MB/10.0 MiB)
[   80.568184] sd 2:0:0:0: [sda] Incomplete mode parameter data
[   80.568184] sd 2:0:0:0: [sda] Assuming drive cache: write through
[   80.568476] sd 2:0:1:0: [sdb] Write Protect is off
[   80.568678] sd 2:0:1:0: [sdb] Incomplete mode parameter data
[   80.568678] sd 2:0:1:0: [sdb] Assuming drive cache: write through
[   81.138445]  sda: sda1
[   81.139127] sd 2:0:0:0: [sda] Attached SCSI disk
[   81.139220] sd 2:0:1:0: [sdb] Attached SCSI disk
Begin: Loading e[   87.700680] md: linear personality registered for level -1
ssential drivers[   87.886471] md: multipath personality registered for level -4
 ... [   88.078059] md: raid0 personality registered for level 0
[   88.629564] md: raid1 personality registered for level 1
[   88.846950] raid6: sse2x1   gen() 11863 MB/s
[   89.343047] raid6: sse2x1   xor()  6958 MB/s
[   89.836971] raid6: sse2x2   gen() 14858 MB/s
[   90.339632] raid6: sse2x2   xor()  9225 MB/s
[   90.866969] raid6: sse2x4   gen() 16274 MB/s
[   91.366959] raid6: sse2x4   xor() 11082 MB/s
[   91.817164] raid6: using algorithm sse2x4 gen() 16274 MB/s
[   92.407283] raid6: .... xor() 11082 MB/s, rmw enabled
[   92.927277] raid6: using ssse3x2 recovery algorithm
[   93.438140] xor: automatically using best checksumming function:
[   94.115180]    avx       : 36742.000 MB/sec
[   94.548331] async_tx: api initialized (async)
[   94.685525] md: raid6 personality registered for level 6
[   94.832163] md: raid5 personality registered for level 5
[   94.991514] md: raid4 personality registered for level 4
[   95.154567] md: raid10 personality registered for level 10
done.
Begin: Ru[   95.339272] Btrfs loaded
nning /scripts/init-premount ...[   95.642918] EXT4-fs (sda1): mounted filesystem with ordered data mode. Opts: (null)
 done.
Begin: Mounting root file system ... Begin: Running /scripts/local-top ... done.
Begin: Running /scripts/local-premount ... Scanning for Btrfs filesystems
done.
Warning: fsck not present, so skipping root file system
done.
Begin: Running /scripts/local-bottom ... done.
Begin: Running /scripts/init-bottom ... done.
[   96775555]]sssseemd[1]: syseemd 299 runiingiin syttmm mod.. (+PMM++UUII  SSLLNNXX++MMA AAPPRROO  +SAAKK +YYVVINTT++UTMP++LIBCYYTTEEUUP +GCRPPT +GUUTLS AACL++XZ -ZZ  +SECOOMP +LLKID EELFTTLL  +KOO  IINN
[   885555888] ssseedd11::DDttccee  vittaalization oracl..
[   99.080116]sssstemd[1:: Detccee  rrhhttccuurexx8666..
[   99.577587] random: nonblocking pool is initialized

Welcome to [1mUbuntu 16.04.2 LTS[0m!

[   99.75588]]sssseedd11::SStthhostnmme to<<ubnnuu>.

[  100225800]]sssseedd11::IIniiillzznn  aahhnn  DD foo  randmm genrrttrr
[ 1100.95544]]sssstemd[1]: Instllled transinnt eecc/mcciine-i  file
[ 1111556622]]sssseemd11::LLsseeiiggoo  ddvv ConrrllSSccee..

[[0;32m  OK  [0m] Listening on udev Control Socket.
[  102.16655]]sssstedd11]: Lssteiiggoo  ddvviiiiccllCComaaiiiiiiyyNNmmddPPpp..
[[0;32m  OK  [0m] Listening on /dev/initctl Compatibility Named Pipe.
[  122997733]]sssstemd[1]:RRaahhddttrreet Enrrypte  Vouuee..

[[0;32m  OK  [0m] Reached target Encrypted Volumes.
[  103559097]]sssseedd11:: Lsseeiiggoo  Jorraa  ookktt
[[0;32m  OK  [0m] Listening on Journal Socket.
[  1041171041]sssstedd11:: Lssteiigg o  VVM2pplll aammnnssccee..

[[0;32m  OK  [0m] Listening on LVM2 poll daemon socket.
[  104.87711]]sssseedd11:: Saattdd ForaaddPPsswwrr  eequsssstt  aallDDirecooryWWttch
[[0;32m  OK  [0m] Started Forward Password Requests to Wall Directory Watch.
[  105.71511]]sssseedd11::LLsseeiigg o  oorraal Auii  ookket
[[0;32m  OK  [0m] Listening on Journal Audit Socket.
[  106.347009]sssstemd11:: Listenigg on oouraa  Sokktt((ddvvllgg).

[[0;32m  OK  [0m] Listening on Journal Socket (/dev/log).
[  107.01166]]ssyseedd11::RRaahhddttaree  wwap.
[[0;32m  OK  [0m] Reached target Swap.
[  107443333]]sssstemd11::SSttuu  uuoooonnt rriirrrr  xxccttbbee Fll  Formtt  iieeSSssee  uutooonn  oonnt.
[[0;32m  OK  [0m] Set up automount Arbitrary Executab...ats File System Automount Point.
[  108.58811]]sssseedd11::CCeeatddssiiceSSssee  llcc..

[[0;32m  OK  [0m] Created slice System Slice.
[  199115511]]sssseedd11]:SSaattnn  ee  oosslle kemmpp..
         Starting Set console keymap...
[  109.746999] systemd[1]: Starting Load Kernel Modules...
         Startin[  109.963915] Loading iSCSI transport class v2.0-870.
g Load Kernel Mo[  110.131577] iscsi: registered transport (tcp)
dules...
[  110.284784] iscsi: registered transport (iser)
[  100445577]]ssyseedd[1::SStartnng Unoompliaate  iireaall..
         Starting Uncomplicated firewall...
[ 1111003300]]sssseemd[1::MMuuttnn  OOII  eessage Quuu  iiee Syste....

         Mounting POSIX Message Queue File System...
[  111777777]]sssseedd[1]:SSaattnn  eeoonnt oottaaddKKrree  iieeSSsseems..
[ 1111771111]]EETT--ss (dd11::rre-monnte..OOpt::((null
         Starting Remount Root and Kernel File Systems...
[ 1133008311]]sssseedd11::MMouttnn  uueePPgges Fll  yyttmm..
         Mounting Huge Pages File System...
[  113771855]] systedd11]: Liseeiigg on VVM2mmttadtta dammnnssccke..

[[0;32m  OK  [0m] Listening on LVM2 metadata daemon socket.
[  114.37544]]sssseedd11::CCeeatedssiieessystem-srraal\x2ggetty.siice.
[[0;32m  OK  [0m] Created slice system-serial\x2dgetty.slice.
[ 11550022957] ssseedd11]:LLsseeiiggoo  SyllggSSccke..

[[0;32m  OK  [0m] Listening on Syslog Socket.
[  115.61166]]sssseemd[1]: Stattnng oorrnal eervcc....

         Starting Journal Service...
[  116.10733]]sssseedd11::RRaahhdd tareet ssrraaddGGooppNNmm  Lokkpp..

[[0;32m  OK  [0m] Reached target User and Group Name Lookups.
[ 1116.823044  syttmmd[]]  Mouniing Dbbug Fil  Syttmm..
         Mounting Debug File System...
[  117.35444]]sssstedd11::SSaattnng aameeevvrriiffrraaiinn manager...

         Starting Nameserver information manager...
[  118005511]]ssyseedd11]:CCreated slice Uee  an  eessoon llcce.

[[0;32m  OK  [0m] Created slice User and Session Slice.
[  188661199]] ssseemd11]:RRaached target Siiee..

[[0;32m  OK  [0m] Reached target Slices.
[ 1119113322]]ssystedd11::SSaattnn  rraatellss  ffrrqqiiee  stttccddvvcc  ooees oor the uurrnn  eennll..
         Starting Create list of required st... nodes for the current kernel...
[  120.19999]]sssseemd11]: Lsseeniggoo  eeiieemmpppe  vvnn  aammnnFFIFss
[[0;32m  OK  [0m] Listening on Device-mapper event daemon FIFOs.
[  120.91155]]ssyseedd[1]:SStarting Moniooringoof VV22 miroors, nnpphhtt  tt..uuiingddeeeett  rr poorress oolling...

         Starting Monitoring of LVM2 mirrors... dmeventd or progress polling...
[  122.023779] systedd11:: Liseeniggoon udvvKKeree  ookktt
[[0;32m  OK  [0m] Listening on udev Kernel Socket.
[  122.615624] systemd[1]:MMuuttddDDbbggFFll  yystem
[[0;32m  OK  [0m] Mounted Debug File System.
[  123118299]]sssseedd11]:MMuuntedHHuge aaee  iileSSssee..

[[0;32m  OK  [0m] Mounted Huge Pages File System.
[  123.78711]]sssseedd11::MMuuttdd POSXX Mesaaee QeeueFFlle yyttem
[[0;32m  OK  [0m] Mounted POSIX Message Queue File System.
[  144441144]]sssseedd[1::SSaattddJJuunnll Srriiee
[[0;32m  OK  [0m] Started Journal Service.
[[0;32m  OK  [0m] Started Set console keymap.
[[0;32m  OK  [0m] Started Load Kernel Modules.
[[0;32m  OK  [0m] Started Uncomplicated firewall.
[[0;32m  OK  [0m] Started Remount Root and Kernel File Systems.
[[0;32m  OK  [0m] Started Create list of required sta...ce nodes for the current kernel.
[[0;32m  OK  [0m] Started Nameserver information manager.
[[0;32m  OK  [0m] Started LVM2 metadata daemon.
         Starting Create Static Device Nodes in /dev...
         Starting Load/Save Random Seed...
         Starting udev Coldplug all Devices...
         Starting Initial cloud-init job (pre-networking)...
         Mounting FUSE Control File System...
         Starting Apply Kernel Variables...
         Starting Flush Journal to Persistent Storage...
[[0;32m  OK  [0m] Mounted FUSE Control File System.
[[0;32m  OK  [0m] Started Monitoring of LVM2 mirrors,...ng dmeventd or progress polling.
[[0;32m  OK  [0m] Started Create Static Device Nodes in /dev.
[[0;32m  OK  [0m] Started Load/Save Random Seed.
[   82.810604] cloud-init[452]: Cloud-init v. 0.7.9 running 'init-local' at Sun, 23 Apr 2017 12:10:57 +0000. Up 82.68 seconds.
[[0;32m  OK  [0m] Started Apply Kernel Variables.
[[0;32m  OK  [0m] Started udev Coldplug all Devices.
[[0;32m  OK  [0m] Started Initial cloud-init job (pre-networking).
[[0;32m  OK  [0m] Started Flush Journal to Persistent Storage.
[[0;32m  OK  [0m] Reached target Network (Pre).
         Starting udev Kernel Device Manager...
[[0;32m  OK  [0m] Started udev Kernel Device Manager.
[[0;32m  OK  [0m] Found device /dev/ttyS0.
[[0;32m  OK  [0m] Listening on Load/Save RF Kill Switch Status /dev/rfkill Watch.
[[0;32m  OK  [0m] Reached target Local File Systems (Pre).
[[0;32m  OK  [0m] Reached target Local File Systems.
         Starting Tell Plymouth To Write Out Runtime Data...
         Starting Set console font and keymap...
         Starting Create Volatile Files and Directories...
         Starting LSB: AppArmor initialization...
         Starting Commit a transient machine-id on disk...
[[0;32m  OK  [0m] Started Dispatch Password Requests to Console Directory Watch.
[[0;32m  OK  [0m] Started Tell Plymouth To Write Out Runtime Data.
[[0;32m  OK  [0m] Started Set console font and keymap.
[[0;32m  OK  [0m] Started Create Volatile Files and Directories.
[[0;32m  OK  [0m] Started Commit a transient machine-id on disk.
[[0;32m  OK  [0m] Found device 82540EM Gigabit Ethern...r (PRO/1000 MT Desktop Adapter).
         Starting Update UTMP about System Boot/Shutdown...
[[0;32m  OK  [0m] Reached target System Time Synchronized.
[[0;32m  OK  [0m] Created slice system-getty.slice.
[[0;32m  OK  [0m] Started LSB: AppArmor initialization.
[[0;32m  OK  [0m] Started Update UTMP about System Boot/Shutdown.
         Starting Raise network interfaces...
[[0;32m  OK  [0m] Started ifup for enp0s3.
[[0;32m  OK  [0m] Started Raise network interfaces.
[[0;32m  OK  [0m] Reached target Network.
         Starting Initial cloud-init job (metadata service crawler)...
[   87.342528] cloud-init[940]: Cloud-init v. 0.7.9 running 'init' at Sun, 23 Apr 2017 12:11:01 +0000. Up 87.03 seconds.
[[0;32m  OK  [0m] Started Initial cloud-init job (metadata service crawler).
[   87.491635] [cloud-init[0;32m  OK  [0m[940]: ] ci-info: +++++++++++++++++++++++++++++++++++++Net device info+++++++++++++++++++++++++++++++++++++Reached target Cloud-config availability.

[   87.788678] [cloud-init[0;32m  OK  [0m[940]: ] ci-info: +--------+------+---------------------------+---------------+-------+-------------------+Reached target Network is Online.

[   87.789906] cloud-init[940]: ci-info: | Device |  Up  |          Address          |      Mask     | Scope |     Hw-Address    |
[   88.088645]          cloud-initStarting iSCSI initiator daemon (iscsid)...[940]: 
ci-info: +--------+------+---------------------------+---------------+-------+-------------------+
[   88.256732] [cloud-init[0;32m  OK  [0m[940]: ] ci-info: | enp0s3 | True |         10.0.2.15         | 255.255.255.0 |   .   | 02:03:81:8c:20:c6 |Reached target System Initialization.

[[0;32m  OK  [0m] Started Daily Cleanup of Temporary Directories.
[[0;32m  OK  [0m[   88.257930] ] cloud-initStarted Timer to automatically refresh installed snaps.[940]: 
ci-info: | enp0s3 | True | fe80::3:81ff:fe8c:20c6/64 |       .       |  link | 02:03:81:8c:20:c6 |
[   88.716795] [cloud-init[0;32m  OK  [0m[940]: ] ci-info: |   lo   | True |         127.0.0.1         |   255.0.0.0   |   .   |         .         |Started ACPI Events Check.

[   88.896727] [cloud-init[0;32m  OK  [0m[940]: ] ci-info: |   lo   | True |          ::1/128          |       .       |  host |         .         |Listening on D-Bus System Message Bus Socket.

[   89.104729] [cloud-init[0;32m  OK  [0m[940]: ] ci-info: +--------+------+---------------------------+---------------+-------+-------------------+Listening on UUID daemon activation socket.

[[0;32m  OK  [0m] Started Trigger resolvconf update for networkd DNS.
[[0;32m  OK  [0m] Reached target Paths.
[   89.105942] cloud-init[940]: ci-info: +++++++++++++++++++++++++++Route IPv4 info++++++++++++++++++++++++++++
[   89.536669] [cloud-init[0;32m  OK  [0m[940]: ] ci-info: +-------+-------------+----------+---------------+-----------+-------+Started Daily apt activities.

[[0;32m  OK  [0m] Reached target Timers.
[   89.537817] cloud-init[940]: ci-info: | Route | Destination | Gateway  |    Genmask    | Interface | Flags |
[   89.868505]          cloud-initStarting Socket activation for snappy daemon.[940]: 
ci-info: +-------+-------------+----------+---------------+-----------+-------+
[   90.024204] [cloud-init[0;32m  OK  [0m[940]: ] ci-info: |   0   |   0.0.0.0   | 10.0.2.2 |    0.0.0.0    |   enp0s3  |   UG  |Listening on ACPID Listen Socket.

[   90.024500]          Starting LXD - unix socket.
cloud-init[940]: ci-info: |   1   |   10.0.2.0  | 0.0.0.0  | 255.255.255.0 |   enp0s3  |   U   |
[   90.304235] [cloud-init[0;32m  OK  [0m[940]: ] ci-info: +-------+-------------+----------+---------------+-----------+-------+Listening on Socket activation for snappy daemon.

[[0;32m  OK  [0m] Listening on LXD - unix socket.
[[0;32m  OK  [0m] Started iSCSI initiator daemon (iscsid).
[   90.484598] cloud-init[940]: Generating public/private rsa key pair.
[   90.660258]          cloud-initStarting Login to default iSCSI targets...[940]: 
Your identification has been saved in /etc/ssh/ssh_host_rsa_key.
[   90.800292] [cloud-init[0;32m  OK  [0m[940]: ] Your public key has been saved in /etc/ssh/ssh_host_rsa_key.pub.Reached target Sockets.

[[0;32m  OK  [0m] Reached target Basic System.
[   90.800645] cloud-init[940]: The key fingerprint is:
[   91.028281] [cloud-init[0;32m  OK  [0m[940]: ] SHA256:UCS8BJRNCWlHfG893aYIGswBBzAXsFwK9ekUz4SKOws root@ubuntu-xenialStarted D-Bus System Message Bus.

[   91.028558] cloud-init[940]: The key's randomart image is:
[   91.223475]          cloud-initStarting Login Service...[940]: 
+---[RSA 2048]----+
[   91.302370]          cloud-initStarting /etc/rc.local Compatibility...[940]: 
|  .oO&@B=        |
[   91.400313]          cloud-initStarting LXD - container startup/shutdown...[940]: 
|   o+BOXo        |
[   91.516299]          cloud-initStarting System Logging Service...[940]: 
|   o++==oo . . . |
[   91.608503]          cloud-initStarting LSB: MD monitoring daemon...[940]: 
|  . .o..+ + o . o|
[   91.708273]          cloud-initStarting LSB: Record successful boot for GRUB...[940]: 
|   .  . S+ . o o |
[   91.820726] [cloud-init[0;32m  OK  [0m[940]: ] |E o     .   . .  |Started Deferred execution scheduler.

[   91.820946] cloud-init[940]: | . o             |
[   91.984195]          cloud-initStarting Pollinate to seed the pseudo random number generator...[940]: 
|  .              |
[   92.243519]          cloud-initStarting Apply the settings specified in cloud-config...[940]: 
|                 |
[   92.356999] [cloud-init[0;32m  OK  [0m[940]: ] +----[SHA256]-----+Started Regular background program processing daemon.

[   92.357270] cloud-init[940]: Generating public/private dsa key pair.
[   92.540269] [cloud-init[0;32m  OK  [0m[940]: ] Your identification has been saved in /etc/ssh/ssh_host_dsa_key.Started FUSE filesystem for LXC.

[   92.540603] cloud-init[940]: Your public key has been saved in /etc/ssh/ssh_host_dsa_key.pub.
[[0;32m  OK  [0m] Started ACPI event daemon.
[   92.781291] cloud-init[940]: The key fingerprint is:
         Starting Accounts Service...
[   92.882366] cloud-init[940]: SHA256:h0Q5oSGrOtqA8uZzIMdGv52O0m5oew+9bRGlkGuo1X8 root@ubuntu-xenial
[   93.020224] cloud-init[940]: The key's randomart image is:
[[0;32m  OK  [0m] Started Snappy daemon.
[   93.082584] cloud-init[940]: +---[DSA 1024]----+
[   93.176645] cloud-init[940]: |    . ..oo       |
[   93.244425] cloud-init[940]: |     oo+o .      |
[   93.292285] cloud-init[940]: |    .o.o.+       |
[   93.292521] cloud-init[940]: |  ..o +.o.       |
         Starting Auto import assertions from block devices...
[   93.292605] cloud-init[940]: | o.+ . .S..      |
[   93.496235] cloud-init[940]: |o.* ..  o.E      |
[   93.496395] cloud-init[940]: |*+ +.o.. o       |
[[0;32m  OK  [0m] Started System Logging Service.
[   93.496503] cloud-init[940]: |o=* *ooo.        |
[   93.684280] cloud-init[940]: |.+=Ooo+..        |
[   93.684458] cloud-init[940]: +----[SHA256]-----+
[[0;32m  OK  [0m] Started /etc/rc.local Compatibility.
[   93.684525] cloud-init[940]: Generating public/private ecdsa key pair.
[   93.896370] cloud-init[940]: Your identification has been saved in /etc/ssh/ssh_host_ecdsa_key.
[   93.896733] cloud-init[940]: Your public key has been saved in /etc/ssh/ssh_host_ecdsa_key.pub.
[[0;32m  OK  [0m] Started LXD - container startup/shutdown.
[   93.896872] cloud-init[940]: The key fingerprint is:
[   94.200198] cloud-init[940]: SHA256:Lo1jSN2/3DX3bvwC51CMWrR6EltywG+n/9ih1PnkwSI root@ubuntu-xenial
[   94.200354] cloud-init[940]: The key's randomart image is:
[[0;32m  OK  [0m] Started Pollinate to seed the pseudo random number generator.
[   94.200444] cloud-init[940]: +---[ECDSA 256]---+
[[   94.476234] cloud-init[940]: |         .       |
[0;32m  OK  [0m] Started Auto import assertions from block devices.
[   94.476683] cloud-init[940]: |          o .    |
[[   94.652193] cloud-init[940]: |           + +   |
[   94.652516] cloud-init[940]: |     . .  o O +  |
[0;32m  OK  [0m] Started Login to default iSCSI targets.
[   94.652588] cloud-init[940]: |    . . S  @ +   |
[[   94.848275] cloud-init[940]: |   . . + .= = + .|
[   94.848617] cloud-init[940]: |    . = o .E OoBo|
[0;32m  OK  [0m] Started LSB: Record successful boot for GRUB.
[   94.848669] cloud-init[940]: |     . o . oo.*BB|
[[   95.031372] cloud-init[940]: |          o ...=X|
[   95.031660] cloud-init[940]: +----[SHA256]-----+
[0;32m  OK  [0m] Started LSB: MD monitoring daemon.
[   95.031717] cloud-init[940]: Generating public/private ed25519 key pair.
[   95.252434] cloud-init[940]: Your identification has been saved in /etc/ssh/ssh_host_ed25519_key.
[   95.252775] cloud-init[940]: Your public key has been saved in /etc/ssh/ssh_host_ed25519_key.pub.
[[0;32m  OK  [0m] Started Login Service.
[   95.252820] cloud-init[940]: The key fingerprint is:
[   95.511151] cloud-init[940]: SHA256:ZfsusclOZADG2pEFgDecmH4k1Fl2BFyHaH92VSTZKZs root@ubuntu-xenial
[   95.511276] cloud-init[940]: The key's randomart image is:
         Starting Authenticate and Authorize Users to Run Privileged Tasks...
[[   95.511360] cloud-init[940]: +--[ED25519 256]--+
[   95.732538] cloud-init[940]: | ..*.BBO=..   .=+|
[0;32m  OK  [0m] Reached target Remote File Systems (Pre).
[[   95.732569] cloud-init[940]: |  = OoBo..   .oo.|
[   95.884561] cloud-init[940]: | . + = o. o  .+  |
[0;32m  OK  [0m] Reached target Remote File Systems.
[   95.884610] cloud-init[940]: |  . o . .+o..E   |
[   96.076229] cloud-init[940]: |   .    So+.     |
         Starting LSB: daemon to balance interrupts for SMP systems...
[   96.076491] cloud-init[940]: |         o..     |
[   96.256212] cloud-init[940]: |         ..+.    |
[   96.256347] cloud-init[940]: |         .=.     |
         Starting LSB: automatic crash report generation...
[   96.256781] cloud-init[940]: |         ....    |
[   96.464226] cloud-init[940]: +----[SHA256]-----+
         Starting Permit User Sessions...
[   96.467366] cloud-init[1106]: Generating locales (this might take a while)...
[   96.636318] cloud-init[1106]:   en_US.UTF-8... done
[   96.636428] cloud-init[1106]: Generation complete.
         Starting LSB: VirtualBox Linux Additions...
         Starting LSB: Set the CPU Frequency Scaling governor to "ondemand"...
[[0;32m  OK  [0m] Stopped OpenBSD Secure Shell server.
         Starting OpenBSD Secure Shell server...
[[0;32m  OK  [0m] Started OpenBSD Secure Shell server.
[[0;32m  OK  [0m] Started Permit User Sessions.
[[0;32m  OK  [0m] Started Authenticate and Authorize Users to Run Privileged Tasks.
[[0;32m  OK  [0m] Started Accounts Service.
[   97.247317] cloud-init[1106]: Cloud-init v. 0.7.9 running 'modules:config' at Sun, 23 Apr 2017 12:11:07 +0000. Up 92.18 seconds.
[[0;32m  OK  [0m] Started Apply the settings specified in cloud-config.
[[0;32m  OK  [0m] Created slice User Slice of ubuntu.
         Starting User Manager for UID 1000...
[[0;32m  OK  [0m] Started Session 1 of user ubuntu.
         Starting Terminate Plymouth Boot Screen...
         Starting Hold until boot process finishes up...
[[0;32m  OK  [0m] Started User Manager for UID 1000.
[[0;32m  OK  [0m] Started LSB: daemon to balance interrupts for SMP systems.
[[0;32m  OK  [0m] Started LSB: automatic crash report generation.
[[0;32m  OK  [0m] Started LSB: VirtualBox Linux Additions.
[[0;32m  OK  [0m] Started LSB: Set the CPU Frequency Scaling governor to "ondemand".
[[0;32m  OK  [0m] Started Terminate Plymouth Boot Screen.
[[0;32m  OK  [0m] Started Hold until boot process finishes up.
         Starting Set console scheme...
[[0;32m  OK  [0m] Started Serial Getty on ttyS0.
[[0;32m  OK  [0m] Started Getty on tty1.
[[0;32m  OK  [0m] Reached target Login Prompts.
[[0;32m  OK  [0m] Reached target Multi-User System.
         Starting Execute cloud user/final scripts...
[[0;32m  OK  [0m] Reached target Graphical Interface.
ci-info: no authorized ssh keys fingerprints found for user ubuntu.
         Starting Update UTMP about System Runlevel Changes...
[[0;32m  OK  [0m] Started Set console scheme.
<14>Apr 23 12:11:14 ec2: 
<14>Apr 23 12:11:14 ec2: #############################################################
<14>Apr 23 12:11:14 ec2: -----BEGIN SSH HOST KEY FINGERPRINTS-----
<14>Apr 23 12:11:14 ec2: 1024 SHA256:h0Q5oSGrOtqA8uZzIMdGv52O0m5oew+9bRGlkGuo1X8 root@ubuntu-xenial (DSA)
<14>Apr 23 12:11:14 ec2: 256 SHA256:Lo1jSN2/3DX3bvwC51CMWrR6EltywG+n/9ih1PnkwSI root@ubuntu-xenial (ECDSA)
<14>Apr 23 12:11:14 ec2: 256 SHA256:ZfsusclOZADG2pEFgDecmH4k1Fl2BFyHaH92VSTZKZs root@ubuntu-xenial (ED25519)
<14>Apr 23 12:11:14 ec2: 2048 SHA256:UCS8BJRNCWlHfG893aYIGswBBzAXsFwK9ekUz4SKOws root@ubuntu-xenial (RSA)
<14>Apr 23 12:11:14 ec2: -----END SSH HOST KEY FINGERPRINTS-----
<14>Apr 23 12:11:14 ec2: #############################################################
-----BEGIN SSH HOST KEY KEYS-----
ecdsa-sha2-nistp256 AAAAE2VjZHNhLXNoYTItbmlzdHAyNTYAAAAIbmlzdHAyNTYAAABBBFKrRJygf3M8tL2++kA5pfsTAlRxWLs8qztROGT16lRre3E/9uXDwzX6/BDFTyu/8OBrAqK/cpaAn2zj9Wy2aA8= root@ubuntu-xenial
ssh-ed25519 AAAAC3NzaC1lZDI1NTE5AAAAICQo9zrG7gCQDrv0ePu/MaRLqmpLd8gKVddzpunzpAr4 root@ubuntu-xenial
ssh-rsa AAAAB3NzaC1yc2EAAAADAQABAAABAQD0THqVHDemI3XjFyNKu6oXjQzTAsUFmjKXboLChcoqhqDQYMXTnb8uCTg84RObA++ZeQxU24y4+iJcVDiDur2QqeNf++vPg0iSsS8DJDuloGLyDKs3KMoKgsxB3bDxBctQBT+mWtVF3QyOQ6VibTtim/cvQDZ/jkO+qUM5xxmK1JTT0s+0nxAP9sArv+w6a/ThOGAlMsx11jw9Nin1y9RlWiNwSikU3Q3RRWhjgE6+rbfaTV1UZAhEpoRFrutmzhEC8+8UcTVNhRvcFM6H77CQppTLAoxHV+MJFR8LVHJ+MBvVQGFK+NWchCg4DB3CV7nT/9BgwVfiMTPaONq1pcBP root@ubuntu-xenial
-----END SSH HOST KEY KEYS-----
[[0;32m  OK  [0m] Started Update UTMP about System Runlevel Changes.
[  100.807015] cloud-init[1301]: Cloud-init v. 0.7.9 running 'modules:final' at Sun, 23 Apr 2017 12:11:13 +0000. Up 99.00 seconds.
[  101.004298] [cloud-init[0;32m  OK  [0m[1301]: ] ci-info: no authorized ssh keys fingerprints found for user ubuntu.Started Execute cloud user/final scripts.

[  101.004513] cloud-init[1301]: Cloud-init v. 0.7.9 finished at Sun, 23 Apr 2017 12:11:15 +0000. Datasource DataSourceNoCloud [seed=/dev/sdb][dsmode=net].  Up 100.80 seconds
[[0;32m  OK  [0m] Reached target Cloud-init target.

Ubuntu 16.04.2 LTS ubuntu-xenial ttyS0

ubuntu-xenial login: 